Sep 26, 2025 11:59:16 PM com.boolean_brotherhood.public_transportation_journey_planner.MyCitiBus.MyCitiBusGraph getTripsInRoute
WARNING: Route file does not exist: Public Transportation Journey Planner\src\main\resources\CapeTownTransitData\MyCiti_Data\myciti-bus-schedules\107-dir1.csv
Sep 26, 2025 11:59:16 PM com.boolean_brotherhood.public_transportation_journey_planner.MyCitiBus.MyCitiBusGraph getTripsInRoute
WARNING: Route file does not exist: Public Transportation Journey Planner\src\main\resources\CapeTownTransitData\MyCiti_Data\myciti-bus-schedules\107-dir2.csv
Sep 26, 2025 11:59:16 PM com.boolean_brotherhood.public_transportation_journey_planner.MyCitiBus.MyCitiBusGraph getTripsInRoute
WARNING: Route file does not exist: Public Transportation Journey Planner\src\main\resources\CapeTownTransitData\MyCiti_Data\myciti-bus-schedules\104-dir1.csv
Sep 26, 2025 11:59:16 PM com.boolean_brotherhood.public_transportation_journey_planner.MyCitiBus.MyCitiBusGraph getTripsInRoute
WARNING: Route file does not exist: Public Transportation Journey Planner\src\main\resources\CapeTownTransitData\MyCiti_Data\myciti-bus-schedules\104-dir2.csv
Sep 26, 2025 11:59:16 PM com.boolean_brotherhood.public_transportation_journey_planner.MyCitiBus.MyCitiBusGraph getTripsInRoute
WARNING: Route file does not exist: Public Transportation Journey Planner\src\main\resources\CapeTownTransitData\MyCiti_Data\myciti-bus-schedules\105-dir1.csv
Sep 26, 2025 11:59:16 PM com.boolean_brotherhood.public_transportation_journey_planner.MyCitiBus.MyCitiBusGraph getTripsInRoute
WARNING: Route file does not exist: Public Transportation Journey Planner\src\main\resources\CapeTownTransitData\MyCiti_Data\myciti-bus-schedules\105-dir2.csv
Sep 26, 2025 11:59:16 PM com.boolean_brotherhood.public_transportation_journey_planner.MyCitiBus.MyCitiBusGraph getTripsInRoute
WARNING: Route file does not exist: Public Transportation Journey Planner\src\main\resources\CapeTownTransitData\MyCiti_Data\myciti-bus-schedules\103-dir1.csv
Sep 26, 2025 11:59:16 PM com.boolean_brotherhood.public_transportation_journey_planner.MyCitiBus.MyCitiBusGraph getTripsInRoute
WARNING: Route file does not exist: Public Transportation Journey Planner\src\main\resources\CapeTownTransitData\MyCiti_Data\myciti-bus-schedules\103-dir2.csv
Sep 26, 2025 11:59:16 PM com.boolean_brotherhood.public_transportation_journey_planner.MyCitiBus.MyCitiBusGraph getTripsInRoute
WARNING: Route file does not exist: Public Transportation Journey Planner\src\main\resources\CapeTownTransitData\MyCiti_Data\myciti-bus-schedules\108-dir1.csv
Sep 26, 2025 11:59:16 PM com.boolean_brotherhood.public_transportation_journey_planner.MyCitiBus.MyCitiBusGraph getTripsInRoute
WARNING: Route file does not exist: Public Transportation Journey Planner\src\main\resources\CapeTownTransitData\MyCiti_Data\myciti-bus-schedules\108-dir2.csv
Sep 26, 2025 11:59:16 PM com.boolean_brotherhood.public_transportation_journey_planner.MyCitiBus.MyCitiBusGraph getTripsInRoute
WARNING: Route file does not exist: Public Transportation Journey Planner\src\main\resources\CapeTownTransitData\MyCiti_Data\myciti-bus-schedules\101-dir1.csv
Sep 26, 2025 11:59:16 PM com.boolean_brotherhood.public_transportation_journey_planner.MyCitiBus.MyCitiBusGraph getTripsInRoute
WARNING: Route file does not exist: Public Transportation Journey Planner\src\main\resources\CapeTownTransitData\MyCiti_Data\myciti-bus-schedules\101-dir2.csv
Sep 26, 2025 11:59:16 PM com.boolean_brotherhood.public_transportation_journey_planner.MyCitiBus.MyCitiBusGraph getTripsInRoute
WARNING: Route file does not exist: Public Transportation Journey Planner\src\main\resources\CapeTownTransitData\MyCiti_Data\myciti-bus-schedules\106-dir1.csv
Sep 26, 2025 11:59:16 PM com.boolean_brotherhood.public_transportation_journey_planner.MyCitiBus.MyCitiBusGraph getTripsInRoute
WARNING: Route file does not exist: Public Transportation Journey Planner\src\main\resources\CapeTownTransitData\MyCiti_Data\myciti-bus-schedules\106-dir2.csv
Sep 26, 2025 11:59:16 PM com.boolean_brotherhood.public_transportation_journey_planner.MyCitiBus.MyCitiBusGraph getTripsInRoute
WARNING: Route file does not exist: Public Transportation Journey Planner\src\main\resources\CapeTownTransitData\MyCiti_Data\myciti-bus-schedules\110-dir1.csv
Sep 26, 2025 11:59:16 PM com.boolean_brotherhood.public_transportation_journey_planner.MyCitiBus.MyCitiBusGraph getTripsInRoute
WARNING: Route file does not exist: Public Transportation Journey Planner\src\main\resources\CapeTownTransitData\MyCiti_Data\myciti-bus-schedules\110-dir2.csv
Sep 26, 2025 11:59:16 PM com.boolean_brotherhood.public_transportation_journey_planner.MyCitiBus.MyCitiBusGraph getTripsInRoute
WARNING: Route file does not exist: Public Transportation Journey Planner\src\main\resources\CapeTownTransitData\MyCiti_Data\myciti-bus-schedules\113-dir1.csv
Sep 26, 2025 11:59:16 PM com.boolean_brotherhood.public_transportation_journey_planner.MyCitiBus.MyCitiBusGraph getTripsInRoute
WARNING: Route file does not exist: Public Transportation Journey Planner\src\main\resources\CapeTownTransitData\MyCiti_Data\myciti-bus-schedules\113-dir2.csv
Sep 26, 2025 11:59:16 PM com.boolean_brotherhood.public_transportation_journey_planner.MyCitiBus.MyCitiBusGraph getTripsInRoute
WARNING: Route file does not exist: Public Transportation Journey Planner\src\main\resources\CapeTownTransitData\MyCiti_Data\myciti-bus-schedules\114-dir1.csv
Sep 26, 2025 11:59:16 PM com.boolean_brotherhood.public_transportation_journey_planner.MyCitiBus.MyCitiBusGraph getTripsInRoute
WARNING: Route file does not exist: Public Transportation Journey Planner\src\main\resources\CapeTownTransitData\MyCiti_Data\myciti-bus-schedules\114-dir2.csv
Sep 26, 2025 11:59:16 PM com.boolean_brotherhood.public_transportation_journey_planner.MyCitiBus.MyCitiBusGraph getTripsInRoute
WARNING: Route file does not exist: Public Transportation Journey Planner\src\main\resources\CapeTownTransitData\MyCiti_Data\myciti-bus-schedules\102-dir1.csv
Sep 26, 2025 11:59:16 PM com.boolean_brotherhood.public_transportation_journey_planner.MyCitiBus.MyCitiBusGraph getTripsInRoute
WARNING: Route file does not exist: Public Transportation Journey Planner\src\main\resources\CapeTownTransitData\MyCiti_Data\myciti-bus-schedules\102-dir2.csv
Sep 26, 2025 11:59:16 PM com.boolean_brotherhood.public_transportation_journey_planner.MyCitiBus.MyCitiBusGraph getTripsInRoute
WARNING: Route file does not exist: Public Transportation Journey Planner\src\main\resources\CapeTownTransitData\MyCiti_Data\myciti-bus-schedules\111-dir1.csv
Sep 26, 2025 11:59:16 PM com.boolean_brotherhood.public_transportation_journey_planner.MyCitiBus.MyCitiBusGraph getTripsInRoute
WARNING: Route file does not exist: Public Transportation Journey Planner\src\main\resources\CapeTownTransitData\MyCiti_Data\myciti-bus-schedules\111-dir2.csv
Sep 26, 2025 11:59:16 PM com.boolean_brotherhood.public_transportation_journey_planner.MyCitiBus.MyCitiBusGraph getTripsInRoute
WARNING: Route file does not exist: Public Transportation Journey Planner\src\main\resources\CapeTownTransitData\MyCiti_Data\myciti-bus-schedules\115-dir1.csv
Sep 26, 2025 11:59:16 PM com.boolean_brotherhood.public_transportation_journey_planner.MyCitiBus.MyCitiBusGraph getTripsInRoute
WARNING: Route file does not exist: Public Transportation Journey Planner\src\main\resources\CapeTownTransitData\MyCiti_Data\myciti-bus-schedules\115-dir2.csv
Sep 26, 2025 11:59:16 PM com.boolean_brotherhood.public_transportation_journey_planner.MyCitiBus.MyCitiBusGraph getTripsInRoute
WARNING: Route file does not exist: Public Transportation Journey Planner\src\main\resources\CapeTownTransitData\MyCiti_Data\myciti-bus-schedules\109-dir1.csv
Sep 26, 2025 11:59:16 PM com.boolean_brotherhood.public_transportation_journey_planner.MyCitiBus.MyCitiBusGraph getTripsInRoute
WARNING: Route file does not exist: Public Transportation Journey Planner\src\main\resources\CapeTownTransitData\MyCiti_Data\myciti-bus-schedules\109-dir2.csv
Sep 26, 2025 11:59:16 PM com.boolean_brotherhood.public_transportation_journey_planner.MyCitiBus.MyCitiBusGraph getTripsInRoute
WARNING: Route file does not exist: Public Transportation Journey Planner\src\main\resources\CapeTownTransitData\MyCiti_Data\myciti-bus-schedules\213-dir1.csv
Sep 26, 2025 11:59:16 PM com.boolean_brotherhood.public_transportation_journey_planner.MyCitiBus.MyCitiBusGraph getTripsInRoute
WARNING: Route file does not exist: Public Transportation Journey Planner\src\main\resources\CapeTownTransitData\MyCiti_Data\myciti-bus-schedules\213-dir2.csv
Sep 26, 2025 11:59:16 PM com.boolean_brotherhood.public_transportation_journey_planner.MyCitiBus.MyCitiBusGraph getTripsInRoute
WARNING: Route file does not exist: Public Transportation Journey Planner\src\main\resources\CapeTownTransitData\MyCiti_Data\myciti-bus-schedules\118-dir1.csv
Sep 26, 2025 11:59:16 PM com.boolean_brotherhood.public_transportation_journey_planner.MyCitiBus.MyCitiBusGraph getTripsInRoute
WARNING: Route file does not exist: Public Transportation Journey Planner\src\main\resources\CapeTownTransitData\MyCiti_Data\myciti-bus-schedules\118-dir2.csv
Sep 26, 2025 11:59:16 PM com.boolean_brotherhood.public_transportation_journey_planner.MyCitiBus.MyCitiBusGraph getTripsInRoute
WARNING: Route file does not exist: Public Transportation Journey Planner\src\main\resources\CapeTownTransitData\MyCiti_Data\myciti-bus-schedules\214B-dir1.csv
Sep 26, 2025 11:59:16 PM com.boolean_brotherhood.public_transportation_journey_planner.MyCitiBus.MyCitiBusGraph getTripsInRoute
WARNING: Route file does not exist: Public Transportation Journey Planner\src\main\resources\CapeTownTransitData\MyCiti_Data\myciti-bus-schedules\214B-dir2.csv
Sep 26, 2025 11:59:16 PM com.boolean_brotherhood.public_transportation_journey_planner.MyCitiBus.MyCitiBusGraph getTripsInRoute
WARNING: Route file does not exist: Public Transportation Journey Planner\src\main\resources\CapeTownTransitData\MyCiti_Data\myciti-bus-schedules\214C-dir1.csv
Sep 26, 2025 11:59:16 PM com.boolean_brotherhood.public_transportation_journey_planner.MyCitiBus.MyCitiBusGraph getTripsInRoute
WARNING: Route file does not exist: Public Transportation Journey Planner\src\main\resources\CapeTownTransitData\MyCiti_Data\myciti-bus-schedules\214C-dir2.csv
Sep 26, 2025 11:59:16 PM com.boolean_brotherhood.public_transportation_journey_planner.MyCitiBus.MyCitiBusGraph getTripsInRoute
WARNING: Route file does not exist: Public Transportation Journey Planner\src\main\resources\CapeTownTransitData\MyCiti_Data\myciti-bus-schedules\216-dir1.csv
Sep 26, 2025 11:59:16 PM com.boolean_brotherhood.public_transportation_journey_planner.MyCitiBus.MyCitiBusGraph getTripsInRoute
WARNING: Route file does not exist: Public Transportation Journey Planner\src\main\resources\CapeTownTransitData\MyCiti_Data\myciti-bus-schedules\216-dir2.csv
Sep 26, 2025 11:59:16 PM com.boolean_brotherhood.public_transportation_journey_planner.MyCitiBus.MyCitiBusGraph getTripsInRoute
WARNING: Route file does not exist: Public Transportation Journey Planner\src\main\resources\CapeTownTransitData\MyCiti_Data\myciti-bus-schedules\215-dir1.csv
Sep 26, 2025 11:59:16 PM com.boolean_brotherhood.public_transportation_journey_planner.MyCitiBus.MyCitiBusGraph getTripsInRoute
WARNING: Route file does not exist: Public Transportation Journey Planner\src\main\resources\CapeTownTransitData\MyCiti_Data\myciti-bus-schedules\215-dir2.csv
Sep 26, 2025 11:59:16 PM com.boolean_brotherhood.public_transportation_journey_planner.MyCitiBus.MyCitiBusGraph getTripsInRoute
WARNING: Route file does not exist: Public Transportation Journey Planner\src\main\resources\CapeTownTransitData\MyCiti_Data\myciti-bus-schedules\234-dir1.csv
Sep 26, 2025 11:59:16 PM com.boolean_brotherhood.public_transportation_journey_planner.MyCitiBus.MyCitiBusGraph getTripsInRoute
WARNING: Route file does not exist: Public Transportation Journey Planner\src\main\resources\CapeTownTransitData\MyCiti_Data\myciti-bus-schedules\234-dir2.csv
Sep 26, 2025 11:59:16 PM com.boolean_brotherhood.public_transportation_journey_planner.MyCitiBus.MyCitiBusGraph getTripsInRoute
WARNING: Route file does not exist: Public Transportation Journey Planner\src\main\resources\CapeTownTransitData\MyCiti_Data\myciti-bus-schedules\223-dir1.csv
Sep 26, 2025 11:59:16 PM com.boolean_brotherhood.public_transportation_journey_planner.MyCitiBus.MyCitiBusGraph getTripsInRoute
WARNING: Route file does not exist: Public Transportation Journey Planner\src\main\resources\CapeTownTransitData\MyCiti_Data\myciti-bus-schedules\223-dir2.csv
Sep 26, 2025 11:59:16 PM com.boolean_brotherhood.public_transportation_journey_planner.MyCitiBus.MyCitiBusGraph getTripsInRoute
WARNING: Route file does not exist: Public Transportation Journey Planner\src\main\resources\CapeTownTransitData\MyCiti_Data\myciti-bus-schedules\233-dir1.csv
Sep 26, 2025 11:59:16 PM com.boolean_brotherhood.public_transportation_journey_planner.MyCitiBus.MyCitiBusGraph getTripsInRoute
WARNING: Route file does not exist: Public Transportation Journey Planner\src\main\resources\CapeTownTransitData\MyCiti_Data\myciti-bus-schedules\233-dir2.csv
Sep 26, 2025 11:59:16 PM com.boolean_brotherhood.public_transportation_journey_planner.MyCitiBus.MyCitiBusGraph getTripsInRoute
WARNING: Route file does not exist: Public Transportation Journey Planner\src\main\resources\CapeTownTransitData\MyCiti_Data\myciti-bus-schedules\232-dir1.csv
Sep 26, 2025 11:59:16 PM com.boolean_brotherhood.public_transportation_journey_planner.MyCitiBus.MyCitiBusGraph getTripsInRoute
WARNING: Route file does not exist: Public Transportation Journey Planner\src\main\resources\CapeTownTransitData\MyCiti_Data\myciti-bus-schedules\232-dir2.csv
Sep 26, 2025 11:59:16 PM com.boolean_brotherhood.public_transportation_journey_planner.MyCitiBus.MyCitiBusGraph getTripsInRoute
WARNING: Route file does not exist: Public Transportation Journey Planner\src\main\resources\CapeTownTransitData\MyCiti_Data\myciti-bus-schedules\214A-dir1.csv
Sep 26, 2025 11:59:16 PM com.boolean_brotherhood.public_transportation_journey_planner.MyCitiBus.MyCitiBusGraph getTripsInRoute
WARNING: Route file does not exist: Public Transportation Journey Planner\src\main\resources\CapeTownTransitData\MyCiti_Data\myciti-bus-schedules\214A-dir2.csv
Sep 26, 2025 11:59:16 PM com.boolean_brotherhood.public_transportation_journey_planner.MyCitiBus.MyCitiBusGraph getTripsInRoute
WARNING: Route file does not exist: Public Transportation Journey Planner\src\main\resources\CapeTownTransitData\MyCiti_Data\myciti-bus-schedules\231-dir1.csv
Sep 26, 2025 11:59:16 PM com.boolean_brotherhood.public_transportation_journey_planner.MyCitiBus.MyCitiBusGraph getTripsInRoute
WARNING: Route file does not exist: Public Transportation Journey Planner\src\main\resources\CapeTownTransitData\MyCiti_Data\myciti-bus-schedules\231-dir2.csv
Sep 26, 2025 11:59:16 PM com.boolean_brotherhood.public_transportation_journey_planner.MyCitiBus.MyCitiBusGraph getTripsInRoute
WARNING: Route file does not exist: Public Transportation Journey Planner\src\main\resources\CapeTownTransitData\MyCiti_Data\myciti-bus-schedules\235-dir1.csv
Sep 26, 2025 11:59:16 PM com.boolean_brotherhood.public_transportation_journey_planner.MyCitiBus.MyCitiBusGraph getTripsInRoute
WARNING: Route file does not exist: Public Transportation Journey Planner\src\main\resources\CapeTownTransitData\MyCiti_Data\myciti-bus-schedules\235-dir2.csv
Sep 26, 2025 11:59:16 PM com.boolean_brotherhood.public_transportation_journey_planner.MyCitiBus.MyCitiBusGraph getTripsInRoute
WARNING: Route file does not exist: Public Transportation Journey Planner\src\main\resources\CapeTownTransitData\MyCiti_Data\myciti-bus-schedules\236-dir1.csv
Sep 26, 2025 11:59:16 PM com.boolean_brotherhood.public_transportation_journey_planner.MyCitiBus.MyCitiBusGraph getTripsInRoute
WARNING: Route file does not exist: Public Transportation Journey Planner\src\main\resources\CapeTownTransitData\MyCiti_Data\myciti-bus-schedules\236-dir2.csv
Sep 26, 2025 11:59:16 PM com.boolean_brotherhood.public_transportation_journey_planner.MyCitiBus.MyCitiBusGraph getTripsInRoute
WARNING: Route file does not exist: Public Transportation Journey Planner\src\main\resources\CapeTownTransitData\MyCiti_Data\myciti-bus-schedules\237-dir1.csv
Sep 26, 2025 11:59:16 PM com.boolean_brotherhood.public_transportation_journey_planner.MyCitiBus.MyCitiBusGraph getTripsInRoute
WARNING: Route file does not exist: Public Transportation Journey Planner\src\main\resources\CapeTownTransitData\MyCiti_Data\myciti-bus-schedules\237-dir2.csv
Sep 26, 2025 11:59:16 PM com.boolean_brotherhood.public_transportation_journey_planner.MyCitiBus.MyCitiBusGraph getTripsInRoute
WARNING: Route file does not exist: Public Transportation Journey Planner\src\main\resources\CapeTownTransitData\MyCiti_Data\myciti-bus-schedules\260-dir1.csv
Sep 26, 2025 11:59:16 PM com.boolean_brotherhood.public_transportation_journey_planner.MyCitiBus.MyCitiBusGraph getTripsInRoute
WARNING: Route file does not exist: Public Transportation Journey Planner\src\main\resources\CapeTownTransitData\MyCiti_Data\myciti-bus-schedules\260-dir2.csv
Sep 26, 2025 11:59:16 PM com.boolean_brotherhood.public_transportation_journey_planner.MyCitiBus.MyCitiBusGraph getTripsInRoute
WARNING: Route file does not exist: Public Transportation Journey Planner\src\main\resources\CapeTownTransitData\MyCiti_Data\myciti-bus-schedules\245-dir1.csv
Sep 26, 2025 11:59:16 PM com.boolean_brotherhood.public_transportation_journey_planner.MyCitiBus.MyCitiBusGraph getTripsInRoute
WARNING: Route file does not exist: Public Transportation Journey Planner\src\main\resources\CapeTownTransitData\MyCiti_Data\myciti-bus-schedules\245-dir2.csv
Sep 26, 2025 11:59:16 PM com.boolean_brotherhood.public_transportation_journey_planner.MyCitiBus.MyCitiBusGraph getTripsInRoute
WARNING: Route file does not exist: Public Transportation Journey Planner\src\main\resources\CapeTownTransitData\MyCiti_Data\myciti-bus-schedules\246-dir1.csv
Sep 26, 2025 11:59:16 PM com.boolean_brotherhood.public_transportation_journey_planner.MyCitiBus.MyCitiBusGraph getTripsInRoute
WARNING: Route file does not exist: Public Transportation Journey Planner\src\main\resources\CapeTownTransitData\MyCiti_Data\myciti-bus-schedules\246-dir2.csv
Sep 26, 2025 11:59:16 PM com.boolean_brotherhood.public_transportation_journey_planner.MyCitiBus.MyCitiBusGraph getTripsInRoute
WARNING: Route file does not exist: Public Transportation Journey Planner\src\main\resources\CapeTownTransitData\MyCiti_Data\myciti-bus-schedules\244-dir1.csv
Sep 26, 2025 11:59:16 PM com.boolean_brotherhood.public_transportation_journey_planner.MyCitiBus.MyCitiBusGraph getTripsInRoute
WARNING: Route file does not exist: Public Transportation Journey Planner\src\main\resources\CapeTownTransitData\MyCiti_Data\myciti-bus-schedules\244-dir2.csv
Sep 26, 2025 11:59:16 PM com.boolean_brotherhood.public_transportation_journey_planner.MyCitiBus.MyCitiBusGraph getTripsInRoute
WARNING: Route file does not exist: Public Transportation Journey Planner\src\main\resources\CapeTownTransitData\MyCiti_Data\myciti-bus-schedules\262-dir1.csv
Sep 26, 2025 11:59:16 PM com.boolean_brotherhood.public_transportation_journey_planner.MyCitiBus.MyCitiBusGraph getTripsInRoute
WARNING: Route file does not exist: Public Transportation Journey Planner\src\main\resources\CapeTownTransitData\MyCiti_Data\myciti-bus-schedules\262-dir2.csv
Sep 26, 2025 11:59:16 PM com.boolean_brotherhood.public_transportation_journey_planner.MyCitiBus.MyCitiBusGraph getTripsInRoute
WARNING: Route file does not exist: Public Transportation Journey Planner\src\main\resources\CapeTownTransitData\MyCiti_Data\myciti-bus-schedules\A01-dir1.csv
Sep 26, 2025 11:59:16 PM com.boolean_brotherhood.public_transportation_journey_planner.MyCitiBus.MyCitiBusGraph getTripsInRoute
WARNING: Route file does not exist: Public Transportation Journey Planner\src\main\resources\CapeTownTransitData\MyCiti_Data\myciti-bus-schedules\A01-dir2.csv
Sep 26, 2025 11:59:16 PM com.boolean_brotherhood.public_transportation_journey_planner.MyCitiBus.MyCitiBusGraph getTripsInRoute
WARNING: Route file does not exist: Public Transportation Journey Planner\src\main\resources\CapeTownTransitData\MyCiti_Data\myciti-bus-schedules\D02-dir1.csv
Sep 26, 2025 11:59:16 PM com.boolean_brotherhood.public_transportation_journey_planner.MyCitiBus.MyCitiBusGraph getTripsInRoute
WARNING: Route file does not exist: Public Transportation Journey Planner\src\main\resources\CapeTownTransitData\MyCiti_Data\myciti-bus-schedules\D02-dir2.csv
Sep 26, 2025 11:59:16 PM com.boolean_brotherhood.public_transportation_journey_planner.MyCitiBus.MyCitiBusGraph getTripsInRoute
WARNING: Route file does not exist: Public Transportation Journey Planner\src\main\resources\CapeTownTransitData\MyCiti_Data\myciti-bus-schedules\D01-dir1.csv
Sep 26, 2025 11:59:16 PM com.boolean_brotherhood.public_transportation_journey_planner.MyCitiBus.MyCitiBusGraph getTripsInRoute
WARNING: Route file does not exist: Public Transportation Journey Planner\src\main\resources\CapeTownTransitData\MyCiti_Data\myciti-bus-schedules\D01-dir2.csv
Sep 26, 2025 11:59:16 PM com.boolean_brotherhood.public_transportation_journey_planner.MyCitiBus.MyCitiBusGraph getTripsInRoute
WARNING: Route file does not exist: Public Transportation Journey Planner\src\main\resources\CapeTownTransitData\MyCiti_Data\myciti-bus-schedules\D05-dir1.csv
Sep 26, 2025 11:59:16 PM com.boolean_brotherhood.public_transportation_journey_planner.MyCitiBus.MyCitiBusGraph getTripsInRoute
WARNING: Route file does not exist: Public Transportation Journey Planner\src\main\resources\CapeTownTransitData\MyCiti_Data\myciti-bus-schedules\D05-dir2.csv
Sep 26, 2025 11:59:16 PM com.boolean_brotherhood.public_transportation_journey_planner.MyCitiBus.MyCitiBusGraph getTripsInRoute
WARNING: Route file does not exist: Public Transportation Journey Planner\src\main\resources\CapeTownTransitData\MyCiti_Data\myciti-bus-schedules\D03-dir1.csv
Sep 26, 2025 11:59:16 PM com.boolean_brotherhood.public_transportation_journey_planner.MyCitiBus.MyCitiBusGraph getTripsInRoute
WARNING: Route file does not exist: Public Transportation Journey Planner\src\main\resources\CapeTownTransitData\MyCiti_Data\myciti-bus-schedules\D03-dir2.csv
Sep 26, 2025 11:59:16 PM com.boolean_brotherhood.public_transportation_journey_planner.MyCitiBus.MyCitiBusGraph getTripsInRoute
WARNING: Route file does not exist: Public Transportation Journey Planner\src\main\resources\CapeTownTransitData\MyCiti_Data\myciti-bus-schedules\D08-dir1.csv
Sep 26, 2025 11:59:16 PM com.boolean_brotherhood.public_transportation_journey_planner.MyCitiBus.MyCitiBusGraph getTripsInRoute
WARNING: Route file does not exist: Public Transportation Journey Planner\src\main\resources\CapeTownTransitData\MyCiti_Data\myciti-bus-schedules\D08-dir2.csv
Sep 26, 2025 11:59:16 PM com.boolean_brotherhood.public_transportation_journey_planner.MyCitiBus.MyCitiBusGraph getTripsInRoute
WARNING: Route file does not exist: Public Transportation Journey Planner\src\main\resources\CapeTownTransitData\MyCiti_Data\myciti-bus-schedules\D04-dir1.csv
Sep 26, 2025 11:59:16 PM com.boolean_brotherhood.public_transportation_journey_planner.MyCitiBus.MyCitiBusGraph getTripsInRoute
WARNING: Route file does not exist: Public Transportation Journey Planner\src\main\resources\CapeTownTransitData\MyCiti_Data\myciti-bus-schedules\D04-dir2.csv
Sep 26, 2025 11:59:16 PM com.boolean_brotherhood.public_transportation_journey_planner.MyCitiBus.MyCitiBusGraph getTripsInRoute
WARNING: Route file does not exist: Public Transportation Journey Planner\src\main\resources\CapeTownTransitData\MyCiti_Data\myciti-bus-schedules\T01X-dir1.csv
Sep 26, 2025 11:59:16 PM com.boolean_brotherhood.public_transportation_journey_planner.MyCitiBus.MyCitiBusGraph getTripsInRoute
WARNING: Route file does not exist: Public Transportation Journey Planner\src\main\resources\CapeTownTransitData\MyCiti_Data\myciti-bus-schedules\T01X-dir2.csv
Sep 26, 2025 11:59:16 PM com.boolean_brotherhood.public_transportation_journey_planner.MyCitiBus.MyCitiBusGraph getTripsInRoute
WARNING: Route file does not exist: Public Transportation Journey Planner\src\main\resources\CapeTownTransitData\MyCiti_Data\myciti-bus-schedules\T02X-dir1.csv
Sep 26, 2025 11:59:16 PM com.boolean_brotherhood.public_transportation_journey_planner.MyCitiBus.MyCitiBusGraph getTripsInRoute
WARNING: Route file does not exist: Public Transportation Journey Planner\src\main\resources\CapeTownTransitData\MyCiti_Data\myciti-bus-schedules\T02X-dir2.csv
Sep 26, 2025 11:59:16 PM com.boolean_brotherhood.public_transportation_journey_planner.MyCitiBus.MyCitiBusGraph getTripsInRoute
WARNING: Route file does not exist: Public Transportation Journey Planner\src\main\resources\CapeTownTransitData\MyCiti_Data\myciti-bus-schedules\261-dir1.csv
Sep 26, 2025 11:59:16 PM com.boolean_brotherhood.public_transportation_journey_planner.MyCitiBus.MyCitiBusGraph getTripsInRoute
WARNING: Route file does not exist: Public Transportation Journey Planner\src\main\resources\CapeTownTransitData\MyCiti_Data\myciti-bus-schedules\261-dir2.csv
Sep 26, 2025 11:59:16 PM com.boolean_brotherhood.public_transportation_journey_planner.MyCitiBus.MyCitiBusGraph getTripsInRoute
WARNING: Route file does not exist: Public Transportation Journey Planner\src\main\resources\CapeTownTransitData\MyCiti_Data\myciti-bus-schedules\T02-dir1.csv
Sep 26, 2025 11:59:16 PM com.boolean_brotherhood.public_transportation_journey_planner.MyCitiBus.MyCitiBusGraph getTripsInRoute
WARNING: Route file does not exist: Public Transportation Journey Planner\src\main\resources\CapeTownTransitData\MyCiti_Data\myciti-bus-schedules\T02-dir2.csv
Sep 26, 2025 11:59:16 PM com.boolean_brotherhood.public_transportation_journey_planner.MyCitiBus.MyCitiBusGraph getTripsInRoute
WARNING: Route file does not exist: Public Transportation Journey Planner\src\main\resources\CapeTownTransitData\MyCiti_Data\myciti-bus-schedules\T04-dir1.csv
Sep 26, 2025 11:59:16 PM com.boolean_brotherhood.public_transportation_journey_planner.MyCitiBus.MyCitiBusGraph getTripsInRoute
WARNING: Route file does not exist: Public Transportation Journey Planner\src\main\resources\CapeTownTransitData\MyCiti_Data\myciti-bus-schedules\T04-dir2.csv
Sep 26, 2025 11:59:16 PM com.boolean_brotherhood.public_transportation_journey_planner.MyCitiBus.MyCitiBusGraph getTripsInRoute
WARNING: Route file does not exist: Public Transportation Journey Planner\src\main\resources\CapeTownTransitData\MyCiti_Data\myciti-bus-schedules\T01-dir1.csv
Sep 26, 2025 11:59:16 PM com.boolean_brotherhood.public_transportation_journey_planner.MyCitiBus.MyCitiBusGraph getTripsInRoute
WARNING: Route file does not exist: Public Transportation Journey Planner\src\main\resources\CapeTownTransitData\MyCiti_Data\myciti-bus-schedules\T01-dir2.csv
Sep 26, 2025 11:59:16 PM com.boolean_brotherhood.public_transportation_journey_planner.MyCitiBus.MyCitiBusGraph getTripsInRoute
WARNING: Route file does not exist: Public Transportation Journey Planner\src\main\resources\CapeTownTransitData\MyCiti_Data\myciti-bus-schedules\T03-dir1.csv
Sep 26, 2025 11:59:16 PM com.boolean_brotherhood.public_transportation_journey_planner.MyCitiBus.MyCitiBusGraph getTripsInRoute
WARNING: Route file does not exist: Public Transportation Journey Planner\src\main\resources\CapeTownTransitData\MyCiti_Data\myciti-bus-schedules\T03-dir2.csv
